


ARM Macro Assembler    Page 1 


    1 00000000         ;/******************************************************
                       *********************************/
    2 00000000         ;/* startup_sh30f9010_keil.s: Startup file for Sinowealt
                       h SH30F9xx_sa0 device series    */
    3 00000000         ;/******************************************************
                       *********************************/
    4 00000000         ;/* <<< Use Configuration Wizard in Context Menu >>>    
                                                       */ 
    5 00000000         ;/******************************************************
                       *********************************/
    6 00000000         ;/* This file is part of the uVision/ARM development too
                       ls.                             */
    7 00000000         ;/* Copyright (c) 2017-2024 Sinowealth. All rights reser
                       ved.                            */
    8 00000000         ;/* This software may only be used under the terms of a 
                       valid, current,                 */
    9 00000000         ;/* end user licence from KEIL for a compatible version 
                       of KEIL software                */
   10 00000000         ;/* development tools. Nothing else gives you the right 
                       to use this software.           */
   11 00000000         ;/******************************************************
                       *********************************/
   12 00000000         ; *
   13 00000000         ; * SINOWEALTH IS SUPPLYING THIS SOFTWARE FOR USE EXCLUS
                       IVELY ON SINOWEALTH'S 
   14 00000000         ; * MICROCONTROLLER PRODUCTS. IT IS PROTECTED UNDER APPL
                       ICABLE COPYRIGHT LAWS. 
   15 00000000         ; * THIS SOFTWARE IS FOR GUIDANCE IN ORDER TO SAVE TIME.
                        AS A RESULT, SINOWEALTH 
   16 00000000         ; * SHALL NOT BE HELD LIABLE FOR ANY DIRECT, INDIRECT OR
                        CONSEQUENTIAL DAMAGES 
   17 00000000         ; * WITH RESPECT TO ANY CLAIMS ARISING FROM THE CONTENT 
                       OF SUCH FIRMWARE AND/OR
   18 00000000         ; * THE USE MADE BY CUSTOMERS OF THE CODING INFORMATION 
                       CONTAINED HEREIN IN 
   19 00000000         ; * CONNECTION WITH THEIR PRODUCTS.
   20 00000000         ; *
   21 00000000         ; * COPYRIGHT 2024 Sinowealth
   22 00000000         ; *
   23 00000000         ; ******************************************************
                       ************************
   24 00000000         ; */
   25 00000000         
   26 00000000         ;<e>Run Application in User Mode
   27 00000000 00000000 
                       USER_MODE_EN
                               EQU              0
   28 00000000         ;</e>
   29 00000000         
   30 00000000         ;// <h> Stack Configuration
   31 00000000         ;   <o0>System Stack Size (in Bytes) <0x0-0xFFFFFFFF:8>
   32 00000000         ;   <o1>User Stack Size (in Bytes) <0x0-0xFFFFFFFF:8>
   33 00000000         ;// </h> 
   34 00000000 00000400 
                       SystemStack_Size
                               EQU              0x00000400
   35 00000000 00000000 
                       UserStack_Size
                               EQU              0x00000000



ARM Macro Assembler    Page 2 


   36 00000000         
   37 00000000                 AREA             STACK, NOINIT, READWRITE, ALIGN
=3
   38 00000000         __stack_limit
   39 00000000         System_Stack_Mem
                               SPACE            SystemStack_Size
   40 00000400         system_stack_top
   41 00000400         __user_stack_limit
   42 00000400         User_Stack_Mem
                               SPACE            UserStack_Size
   43 00000400         usr_stack_top
   44 00000400         __initial_sp
   45 00000400         
   46 00000400         ;// <h> Heap Configuration
   47 00000400         ;//   <o>  Heap Size (in Bytes) <0x0-0xFFFFFFFF>
   48 00000400         ;// </h>
   49 00000400 00000100 
                       Heap_Size
                               EQU              0x00000100
   50 00000400         
   51 00000400         ;/******************************************************
                       ***********************/
   52 00000400         ;/*-------- <<< end of configuration section >>> -------
                       ----------------------*/
   53 00000400         ;/******************************************************
                       ***********************/
   54 00000400         
   55 00000400                 AREA             HEAP, NOINIT, READWRITE, ALIGN=
3
   56 00000000         __heap_base
   57 00000000         Heap_Mem
                               SPACE            Heap_Size
   58 00000100         __heap_limit
   59 00000100         
   60 00000100                 PRESERVE8
   61 00000100                 THUMB
   62 00000100         ; Vector Table Mapped to Address 0 at Reset
   63 00000100                 AREA             RESET, DATA, READONLY
   64 00000000                 EXPORT           __Vectors
   65 00000000                 EXPORT           __Vectors_End
   66 00000000                 EXPORT           __Vectors_Size
   67 00000000         __Vectors
   68 00000000 00000000        DCD              system_stack_top ; -16 (000H) T
                                                            op of Stack
   69 00000004 00000000        DCD              Reset_Handler ; -15 (004H) Rese
                                                            t Handler
   70 00000008 00000000        DCD              NMI_Handler ; -14 (008H) Non Ma
                                                            skable Interrupt
   71 0000000C 00000000        DCD              HardFault_Handler ; -13 (00CH) 
                                                            Hard Fault Interrup
                                                            t
   72 00000010 00000000        DCD              Default_Handler ; -12 (010H) Re
                                                            served
   73 00000014 00000000        DCD              Default_Handler ; -11 (014H) Re
                                                            served
   74 00000018 00000000        DCD              Default_Handler ; -10 (018H) Re
                                                            served
   75 0000001C 00000000        DCD              Default_Handler ;  -9 (01CH) Re
                                                            served



ARM Macro Assembler    Page 3 


   76 00000020 00000000        DCD              Default_Handler ;  -8 (020H) Re
                                                            served
   77 00000024 00000000        DCD              Default_Handler ;  -7 (024H) Re
                                                            served
   78 00000028 00000000        DCD              Default_Handler ;  -6 (028H) Re
                                                            served
   79 0000002C 00000000        DCD              SVC_Handler ;  -5 (02CH) Cortex
                                                            -M0+ SV Call Interr
                                                            upt
   80 00000030 00000000        DCD              Default_Handler ;  -4 (030H) Re
                                                            served
   81 00000034 00000000        DCD              Default_Handler ;  -3 (034H) Re
                                                            served
   82 00000038 00000000        DCD              PendSV_Handler ;  -2 (038H) Cor
                                                            tex-M0+ Pend SV Int
                                                            errupt
   83 0000003C 00000000        DCD              SysTick_Handler ;  -1 (03CH) Co
                                                            rtex-M0+ System Tic
                                                            k Interrupt
   84 00000040 00000000        DCD              WWDT_Handler ;   0 (040H) Windo
                                                            w WatchDog Interrup
                                                            t
   85 00000044 00000000        DCD              BOD_Handler ;   1 (044H) PVD th
                                                            rough EXTI Line det
                                                            ection Interrupt
   86 00000048 00000000        DCD              RCC_Handler ;   2 (048H) RCC gl
                                                            obal Interrupt
   87 0000004C 00000000        DCD              EXTI0_Handler ;   3 (04CH) EXTI
                                                             Line0 Interrupt
   88 00000050 00000000        DCD              EXTI1_Handler ;   4 (050H) EXTI
                                                             Line1 Interrupt
   89 00000054 00000000        DCD              EXTI2_Handler ;   5 (054H) EXTI
                                                             Line2 Interrupt
   90 00000058 00000000        DCD              EXTI3_Handler ;   6 (058H) EXTI
                                                             Line3 Interrupt
   91 0000005C 00000000        DCD              ADC_Handler ;   7 (05CH) ADC In
                                                            terrupt
   92 00000060 00000000        DCD              TWI0_Handler ;   8 (060H) TWI0 
                                                            Interrupt
   93 00000064 00000000        DCD              TWI1_Handler ;   9 (064H) TWI1 
                                                            Interrupt
   94 00000068 00000000        DCD              PCA0_Handler ;  10 (068H) PCA0 
                                                            Interrupt
   95 0000006C 00000000        DCD              PCA1_Handler ;  11 (06CH) PCA1 
                                                            Interrupt
   96 00000070 00000000        DCD              PCA2_Handler ;  12 (070H) PCA2 
                                                            Interrupt
   97 00000074 00000000        DCD              PCA3_Handler ;  13 (074H) PCA3 
                                                            Interrupt
   98 00000078 00000000        DCD              EXTI9_4_Handler ;  14 (078H) EX
                                                            TI Line4 ~ Line9 gl
                                                            obal Interrupt
   99 0000007C 00000000        DCD              UART0_Handler ;  15 (07CH) UART
                                                            0 Interrupt
  100 00000080 00000000        DCD              SPI0_Handler ;  16 (080H) SPI0 
                                                            Interrupt
  101 00000084 00000000        DCD              SPI1_Handler ;  17 (084H) SPI1 
                                                            Interrupt
  102 00000088 00000000        DCD              UART1_Handler ;  18 (088H) UART



ARM Macro Assembler    Page 4 


                                                            1 Interrupt
  103 0000008C 00000000        DCD              UART2_Handler ;  19 (08CH) UART
                                                            2 Interrupt
  104 00000090 00000000        DCD              UART3_Handler ;  20 (090H) UART
                                                            3 Interrupt
  105 00000094 00000000        DCD              EXTI15_10_Handler ;  21 (094H) 
                                                            EXTI Line10 ~ Line1
                                                            5 Interrupt
  106 00000098 00000000        DCD              UART4_Handler ;  22 (098H) UART
                                                            4 Interrupt
  107 0000009C 00000000        DCD              UART5_Handler ;  23 (09CH) UART
                                                            5 Interrupt
  108 000000A0 00000000        DCD              PWM0_Handler ;  24 (0A0H) PWM0 
                                                            Interrupt
  109 000000A4 00000000        DCD              PWM1_Handler ;  25 (0A4H) PWM1 
                                                            Interrupt
  110 000000A8 00000000        DCD              PWM2_Handler ;  26 (0A8H) PWM2 
                                                            Interrupt
  111 000000AC 00000000        DCD              PWM3_Handler ;  27 (0ACH) PWM3 
                                                            Interrupt
  112 000000B0 00000000        DCD              TIM0_Handler ;  28 (0B0H) TIM0 
                                                            Interrupt
  113 000000B4 00000000        DCD              TIM1_FIFO0_Handler ;  29 (0B4H)
                                                             TIM1_FIFO0 Interru
                                                            pt
  114 000000B8 00000000        DCD              TIM2_FIFO1_Handler ;  30 (0B8H)
                                                             TIM2_FIFO1 Interru
                                                            pt
  115 000000BC 00000000        DCD              TIM3_FIFO2_Handler ;  31 (0BCH)
                                                             TIM3_FIFO2 Interru
                                                            pt
  116 000000C0         
  117 000000C0         
  118 000000C0         __Vectors_End
  119 000000C0 000000C0 
                       __Vectors_Size
                               EQU              __Vectors_End - __Vectors
  120 000000C0         
  121 000000C0                 AREA             |.text|, CODE, READONLY
  122 00000000         Reset_Handler
                               PROC
  123 00000000                 EXPORT           Reset_Handler        [WEAK]
  124 00000000                 IMPORT           __main
  125 00000000 4805            LDR              R0, =SystemInit
  126 00000002 4780            BLX              R0
  127 00000004                 IF               USER_MODE_EN = 1
  133                          ENDIF
  134 00000004 4805            LDR              R0, =__main
  135 00000006 4700            BX               R0
  136 00000008                 ENDP
  137 00000008         
  138 00000008         NMI_Handler
                               PROC
  139 00000008                 EXPORT           NMI_Handler          [WEAK]
  140 00000008 E7FE            B                .
  141 0000000A                 ENDP
  142 0000000A         
  143 0000000A         HardFault_Handler
                               PROC



ARM Macro Assembler    Page 5 


  144 0000000A                 EXPORT           HardFault_Handler    [WEAK]
  145 0000000A E7FE            B                .
  146 0000000C                 ENDP
  147 0000000C         
  148 0000000C         SVC_Handler
                               PROC
  149 0000000C                 EXPORT           SVC_Handler          [WEAK]
  150 0000000C                 IF               USER_MODE_EN = 1
  163 0000000C E7FE            B                .
  164 0000000E                 ENDIF
  165 0000000E                 ENDP
  166 0000000E                 IF               USER_MODE_EN = 1
  171                          ENDIF
  172 0000000E         
  173 0000000E         PendSV_Handler
                               PROC
  174 0000000E                 EXPORT           PendSV_Handler       [WEAK]
  175 0000000E E7FE            B                .
  176 00000010                 ENDP
  177 00000010         
  178 00000010         SysTick_Handler
                               PROC
  179 00000010                 EXPORT           SysTick_Handler      [WEAK]
  180 00000010 E7FE            B                .
  181 00000012                 ENDP
  182 00000012         
  183 00000012         Default_Handler
                               PROC
  184 00000012                 EXPORT           WWDT_Handler         [WEAK]
  185 00000012                 EXPORT           BOD_Handler          [WEAK]
  186 00000012                 EXPORT           RCC_Handler          [WEAK]
  187 00000012                 EXPORT           EXTI0_Handler        [WEAK]
  188 00000012                 EXPORT           EXTI1_Handler        [WEAK]
  189 00000012                 EXPORT           EXTI2_Handler        [WEAK]
  190 00000012                 EXPORT           EXTI3_Handler        [WEAK]
  191 00000012                 EXPORT           ADC_Handler          [WEAK]
  192 00000012                 EXPORT           TWI0_Handler         [WEAK]
  193 00000012                 EXPORT           TWI1_Handler         [WEAK]
  194 00000012                 EXPORT           PCA0_Handler         [WEAK]
  195 00000012                 EXPORT           PCA1_Handler         [WEAK]
  196 00000012                 EXPORT           PCA2_Handler         [WEAK]
  197 00000012                 EXPORT           PCA3_Handler         [WEAK]
  198 00000012                 EXPORT           EXTI9_4_Handler      [WEAK]
  199 00000012                 EXPORT           UART0_Handler        [WEAK]
  200 00000012                 EXPORT           SPI0_Handler         [WEAK]
  201 00000012                 EXPORT           SPI1_Handler         [WEAK]
  202 00000012                 EXPORT           UART1_Handler        [WEAK]
  203 00000012                 EXPORT           UART2_Handler        [WEAK]
  204 00000012                 EXPORT           UART3_Handler        [WEAK]
  205 00000012                 EXPORT           EXTI15_10_Handler    [WEAK]
  206 00000012                 EXPORT           UART4_Handler        [WEAK]
  207 00000012                 EXPORT           UART5_Handler        [WEAK]
  208 00000012                 EXPORT           PWM0_Handler         [WEAK]
  209 00000012                 EXPORT           PWM1_Handler         [WEAK]
  210 00000012                 EXPORT           PWM2_Handler         [WEAK]
  211 00000012                 EXPORT           PWM3_Handler         [WEAK]
  212 00000012                 EXPORT           TIM0_Handler         [WEAK]
  213 00000012                 EXPORT           TIM1_FIFO0_Handler   [WEAK]
  214 00000012                 EXPORT           TIM2_FIFO1_Handler   [WEAK]



ARM Macro Assembler    Page 6 


  215 00000012                 EXPORT           TIM3_FIFO2_Handler   [WEAK]
  216 00000012         WWDT_Handler
  217 00000012         BOD_Handler
  218 00000012         RCC_Handler
  219 00000012         EXTI0_Handler
  220 00000012         EXTI1_Handler
  221 00000012         EXTI2_Handler
  222 00000012         EXTI3_Handler
  223 00000012         ADC_Handler
  224 00000012         TWI0_Handler
  225 00000012         TWI1_Handler
  226 00000012         PCA0_Handler
  227 00000012         PCA1_Handler
  228 00000012         PCA2_Handler
  229 00000012         PCA3_Handler
  230 00000012         EXTI9_4_Handler
  231 00000012         UART0_Handler
  232 00000012         SPI0_Handler
  233 00000012         SPI1_Handler
  234 00000012         UART1_Handler
  235 00000012         UART2_Handler
  236 00000012         UART3_Handler
  237 00000012         EXTI15_10_Handler
  238 00000012         UART4_Handler
  239 00000012         UART5_Handler
  240 00000012         PWM0_Handler
  241 00000012         PWM1_Handler
  242 00000012         PWM2_Handler
  243 00000012         PWM3_Handler
  244 00000012         TIM0_Handler
  245 00000012         TIM1_FIFO0_Handler
  246 00000012         TIM2_FIFO1_Handler
  247 00000012         TIM3_FIFO2_Handler
  248 00000012 E7FE            B                .
  249 00000014                 ENDP
  250 00000014         
  251 00000014         
  252 00000014         SystemInit
                               PROC
  253 00000014                 EXPORT           SystemInit  [WEAK]
  254 00000014 4770            BX               LR
  255 00000016                 ENDP
  256 00000016         
  257 00000016 00 00           ALIGN
  258 00000018         
  259 00000018         ; User setup Stack & Heap
  260 00000018         
  261 00000018                 EXPORT           __stack_limit
  262 00000018                 EXPORT           __initial_sp
  263 00000018                 IF               Heap_Size != 0 
                                                            ; Heap is provided
  264 00000018                 EXPORT           __heap_base
  265 00000018                 EXPORT           __heap_limit
  266 00000018                 ENDIF
  267 00000018         
  268 00000018                 END
              00000000 
              00000000 
Command Line: --debug --xref --diag_suppress=9931 --cpu=Cortex-M0+ --apcs=inter



ARM Macro Assembler    Page 7 


work --depend=.\objects\startup_sh30f9xx_sb0_keil.d -o.\objects\startup_sh30f9x
x_sb0_keil.o -IC:\Keil_v5\ARM\RV31\INC -IC:\Keil_v5\ARM\CMSIS\Include -IC:\Keil
_v5\ARM\Inc\Sinowealth --predefine="__MICROLIB SETA 1" --predefine="__UVISION_V
ERSION SETA 514" --list=.\listings\startup_sh30f9xx_sb0_keil.lst ..\Source\Libr
aries\CMSIS\Device\Source\Startup\startup_sh30f9xx_sb0_keil.s



ARM Macro Assembler    Page 1 Alphabetic symbol ordering
Relocatable symbols

STACK 00000000

Symbol: STACK
   Definitions
      At line 37 in file ..\Source\Libraries\CMSIS\Device\Source\Startup\startu
p_sh30f9xx_sb0_keil.s
   Uses
      None
Comment: STACK unused
System_Stack_Mem 00000000

Symbol: System_Stack_Mem
   Definitions
      At line 39 in file ..\Source\Libraries\CMSIS\Device\Source\Startup\startu
p_sh30f9xx_sb0_keil.s
   Uses
      None
Comment: System_Stack_Mem unused
User_Stack_Mem 00000400

Symbol: User_Stack_Mem
   Definitions
      At line 42 in file ..\Source\Libraries\CMSIS\Device\Source\Startup\startu
p_sh30f9xx_sb0_keil.s
   Uses
      None
Comment: User_Stack_Mem unused
__initial_sp 00000400

Symbol: __initial_sp
   Definitions
      At line 44 in file ..\Source\Libraries\CMSIS\Device\Source\Startup\startu
p_sh30f9xx_sb0_keil.s
   Uses
      At line 262 in file ..\Source\Libraries\CMSIS\Device\Source\Startup\start
up_sh30f9xx_sb0_keil.s
Comment: __initial_sp used once
__stack_limit 00000000

Symbol: __stack_limit
   Definitions
      At line 38 in file ..\Source\Libraries\CMSIS\Device\Source\Startup\startu
p_sh30f9xx_sb0_keil.s
   Uses
      At line 261 in file ..\Source\Libraries\CMSIS\Device\Source\Startup\start
up_sh30f9xx_sb0_keil.s
Comment: __stack_limit used once
__user_stack_limit 00000400

Symbol: __user_stack_limit
   Definitions
      At line 41 in file ..\Source\Libraries\CMSIS\Device\Source\Startup\startu
p_sh30f9xx_sb0_keil.s
   Uses
      None
Comment: __user_stack_limit unused
system_stack_top 00000400

Symbol: system_stack_top



ARM Macro Assembler    Page 2 Alphabetic symbol ordering
Relocatable symbols

   Definitions
      At line 40 in file ..\Source\Libraries\CMSIS\Device\Source\Startup\startu
p_sh30f9xx_sb0_keil.s
   Uses
      At line 68 in file ..\Source\Libraries\CMSIS\Device\Source\Startup\startu
p_sh30f9xx_sb0_keil.s
Comment: system_stack_top used once
usr_stack_top 00000400

Symbol: usr_stack_top
   Definitions
      At line 43 in file ..\Source\Libraries\CMSIS\Device\Source\Startup\startu
p_sh30f9xx_sb0_keil.s
   Uses
      None
Comment: usr_stack_top unused
8 symbols



ARM Macro Assembler    Page 1 Alphabetic symbol ordering
Relocatable symbols

HEAP 00000000

Symbol: HEAP
   Definitions
      At line 55 in file ..\Source\Libraries\CMSIS\Device\Source\Startup\startu
p_sh30f9xx_sb0_keil.s
   Uses
      None
Comment: HEAP unused
Heap_Mem 00000000

Symbol: Heap_Mem
   Definitions
      At line 57 in file ..\Source\Libraries\CMSIS\Device\Source\Startup\startu
p_sh30f9xx_sb0_keil.s
   Uses
      None
Comment: Heap_Mem unused
__heap_base 00000000

Symbol: __heap_base
   Definitions
      At line 56 in file ..\Source\Libraries\CMSIS\Device\Source\Startup\startu
p_sh30f9xx_sb0_keil.s
   Uses
      At line 264 in file ..\Source\Libraries\CMSIS\Device\Source\Startup\start
up_sh30f9xx_sb0_keil.s
Comment: __heap_base used once
__heap_limit 00000100

Symbol: __heap_limit
   Definitions
      At line 58 in file ..\Source\Libraries\CMSIS\Device\Source\Startup\startu
p_sh30f9xx_sb0_keil.s
   Uses
      At line 265 in file ..\Source\Libraries\CMSIS\Device\Source\Startup\start
up_sh30f9xx_sb0_keil.s
Comment: __heap_limit used once
4 symbols



ARM Macro Assembler    Page 1 Alphabetic symbol ordering
Relocatable symbols

RESET 00000000

Symbol: RESET
   Definitions
      At line 63 in file ..\Source\Libraries\CMSIS\Device\Source\Startup\startu
p_sh30f9xx_sb0_keil.s
   Uses
      None
Comment: RESET unused
__Vectors 00000000

Symbol: __Vectors
   Definitions
      At line 67 in file ..\Source\Libraries\CMSIS\Device\Source\Startup\startu
p_sh30f9xx_sb0_keil.s
   Uses
      At line 64 in file ..\Source\Libraries\CMSIS\Device\Source\Startup\startu
p_sh30f9xx_sb0_keil.s
      At line 119 in file ..\Source\Libraries\CMSIS\Device\Source\Startup\start
up_sh30f9xx_sb0_keil.s

__Vectors_End 000000C0

Symbol: __Vectors_End
   Definitions
      At line 118 in file ..\Source\Libraries\CMSIS\Device\Source\Startup\start
up_sh30f9xx_sb0_keil.s
   Uses
      At line 65 in file ..\Source\Libraries\CMSIS\Device\Source\Startup\startu
p_sh30f9xx_sb0_keil.s
      At line 119 in file ..\Source\Libraries\CMSIS\Device\Source\Startup\start
up_sh30f9xx_sb0_keil.s

3 symbols



ARM Macro Assembler    Page 1 Alphabetic symbol ordering
Relocatable symbols

.text 00000000

Symbol: .text
   Definitions
      At line 121 in file ..\Source\Libraries\CMSIS\Device\Source\Startup\start
up_sh30f9xx_sb0_keil.s
   Uses
      None
Comment: .text unused
ADC_Handler 00000012

Symbol: ADC_Handler
   Definitions
      At line 223 in file ..\Source\Libraries\CMSIS\Device\Source\Startup\start
up_sh30f9xx_sb0_keil.s
   Uses
      At line 91 in file ..\Source\Libraries\CMSIS\Device\Source\Startup\startu
p_sh30f9xx_sb0_keil.s
      At line 191 in file ..\Source\Libraries\CMSIS\Device\Source\Startup\start
up_sh30f9xx_sb0_keil.s

BOD_Handler 00000012

Symbol: BOD_Handler
   Definitions
      At line 217 in file ..\Source\Libraries\CMSIS\Device\Source\Startup\start
up_sh30f9xx_sb0_keil.s
   Uses
      At line 85 in file ..\Source\Libraries\CMSIS\Device\Source\Startup\startu
p_sh30f9xx_sb0_keil.s
      At line 185 in file ..\Source\Libraries\CMSIS\Device\Source\Startup\start
up_sh30f9xx_sb0_keil.s

Default_Handler 00000012

Symbol: Default_Handler
   Definitions
      At line 183 in file ..\Source\Libraries\CMSIS\Device\Source\Startup\start
up_sh30f9xx_sb0_keil.s
   Uses
      At line 72 in file ..\Source\Libraries\CMSIS\Device\Source\Startup\startu
p_sh30f9xx_sb0_keil.s
      At line 73 in file ..\Source\Libraries\CMSIS\Device\Source\Startup\startu
p_sh30f9xx_sb0_keil.s
      At line 74 in file ..\Source\Libraries\CMSIS\Device\Source\Startup\startu
p_sh30f9xx_sb0_keil.s
      At line 75 in file ..\Source\Libraries\CMSIS\Device\Source\Startup\startu
p_sh30f9xx_sb0_keil.s
      At line 76 in file ..\Source\Libraries\CMSIS\Device\Source\Startup\startu
p_sh30f9xx_sb0_keil.s
      At line 77 in file ..\Source\Libraries\CMSIS\Device\Source\Startup\startu
p_sh30f9xx_sb0_keil.s
      At line 78 in file ..\Source\Libraries\CMSIS\Device\Source\Startup\startu
p_sh30f9xx_sb0_keil.s
      At line 80 in file ..\Source\Libraries\CMSIS\Device\Source\Startup\startu
p_sh30f9xx_sb0_keil.s
      At line 81 in file ..\Source\Libraries\CMSIS\Device\Source\Startup\startu
p_sh30f9xx_sb0_keil.s




ARM Macro Assembler    Page 2 Alphabetic symbol ordering
Relocatable symbols

EXTI0_Handler 00000012

Symbol: EXTI0_Handler
   Definitions
      At line 219 in file ..\Source\Libraries\CMSIS\Device\Source\Startup\start
up_sh30f9xx_sb0_keil.s
   Uses
      At line 87 in file ..\Source\Libraries\CMSIS\Device\Source\Startup\startu
p_sh30f9xx_sb0_keil.s
      At line 187 in file ..\Source\Libraries\CMSIS\Device\Source\Startup\start
up_sh30f9xx_sb0_keil.s

EXTI15_10_Handler 00000012

Symbol: EXTI15_10_Handler
   Definitions
      At line 237 in file ..\Source\Libraries\CMSIS\Device\Source\Startup\start
up_sh30f9xx_sb0_keil.s
   Uses
      At line 105 in file ..\Source\Libraries\CMSIS\Device\Source\Startup\start
up_sh30f9xx_sb0_keil.s
      At line 205 in file ..\Source\Libraries\CMSIS\Device\Source\Startup\start
up_sh30f9xx_sb0_keil.s

EXTI1_Handler 00000012

Symbol: EXTI1_Handler
   Definitions
      At line 220 in file ..\Source\Libraries\CMSIS\Device\Source\Startup\start
up_sh30f9xx_sb0_keil.s
   Uses
      At line 88 in file ..\Source\Libraries\CMSIS\Device\Source\Startup\startu
p_sh30f9xx_sb0_keil.s
      At line 188 in file ..\Source\Libraries\CMSIS\Device\Source\Startup\start
up_sh30f9xx_sb0_keil.s

EXTI2_Handler 00000012

Symbol: EXTI2_Handler
   Definitions
      At line 221 in file ..\Source\Libraries\CMSIS\Device\Source\Startup\start
up_sh30f9xx_sb0_keil.s
   Uses
      At line 89 in file ..\Source\Libraries\CMSIS\Device\Source\Startup\startu
p_sh30f9xx_sb0_keil.s
      At line 189 in file ..\Source\Libraries\CMSIS\Device\Source\Startup\start
up_sh30f9xx_sb0_keil.s

EXTI3_Handler 00000012

Symbol: EXTI3_Handler
   Definitions
      At line 222 in file ..\Source\Libraries\CMSIS\Device\Source\Startup\start
up_sh30f9xx_sb0_keil.s
   Uses
      At line 90 in file ..\Source\Libraries\CMSIS\Device\Source\Startup\startu
p_sh30f9xx_sb0_keil.s
      At line 190 in file ..\Source\Libraries\CMSIS\Device\Source\Startup\start
up_sh30f9xx_sb0_keil.s



ARM Macro Assembler    Page 3 Alphabetic symbol ordering
Relocatable symbols


EXTI9_4_Handler 00000012

Symbol: EXTI9_4_Handler
   Definitions
      At line 230 in file ..\Source\Libraries\CMSIS\Device\Source\Startup\start
up_sh30f9xx_sb0_keil.s
   Uses
      At line 98 in file ..\Source\Libraries\CMSIS\Device\Source\Startup\startu
p_sh30f9xx_sb0_keil.s
      At line 198 in file ..\Source\Libraries\CMSIS\Device\Source\Startup\start
up_sh30f9xx_sb0_keil.s

HardFault_Handler 0000000A

Symbol: HardFault_Handler
   Definitions
      At line 143 in file ..\Source\Libraries\CMSIS\Device\Source\Startup\start
up_sh30f9xx_sb0_keil.s
   Uses
      At line 71 in file ..\Source\Libraries\CMSIS\Device\Source\Startup\startu
p_sh30f9xx_sb0_keil.s
      At line 144 in file ..\Source\Libraries\CMSIS\Device\Source\Startup\start
up_sh30f9xx_sb0_keil.s

NMI_Handler 00000008

Symbol: NMI_Handler
   Definitions
      At line 138 in file ..\Source\Libraries\CMSIS\Device\Source\Startup\start
up_sh30f9xx_sb0_keil.s
   Uses
      At line 70 in file ..\Source\Libraries\CMSIS\Device\Source\Startup\startu
p_sh30f9xx_sb0_keil.s
      At line 139 in file ..\Source\Libraries\CMSIS\Device\Source\Startup\start
up_sh30f9xx_sb0_keil.s

PCA0_Handler 00000012

Symbol: PCA0_Handler
   Definitions
      At line 226 in file ..\Source\Libraries\CMSIS\Device\Source\Startup\start
up_sh30f9xx_sb0_keil.s
   Uses
      At line 94 in file ..\Source\Libraries\CMSIS\Device\Source\Startup\startu
p_sh30f9xx_sb0_keil.s
      At line 194 in file ..\Source\Libraries\CMSIS\Device\Source\Startup\start
up_sh30f9xx_sb0_keil.s

PCA1_Handler 00000012

Symbol: PCA1_Handler
   Definitions
      At line 227 in file ..\Source\Libraries\CMSIS\Device\Source\Startup\start
up_sh30f9xx_sb0_keil.s
   Uses
      At line 95 in file ..\Source\Libraries\CMSIS\Device\Source\Startup\startu
p_sh30f9xx_sb0_keil.s
      At line 195 in file ..\Source\Libraries\CMSIS\Device\Source\Startup\start



ARM Macro Assembler    Page 4 Alphabetic symbol ordering
Relocatable symbols

up_sh30f9xx_sb0_keil.s

PCA2_Handler 00000012

Symbol: PCA2_Handler
   Definitions
      At line 228 in file ..\Source\Libraries\CMSIS\Device\Source\Startup\start
up_sh30f9xx_sb0_keil.s
   Uses
      At line 96 in file ..\Source\Libraries\CMSIS\Device\Source\Startup\startu
p_sh30f9xx_sb0_keil.s
      At line 196 in file ..\Source\Libraries\CMSIS\Device\Source\Startup\start
up_sh30f9xx_sb0_keil.s

PCA3_Handler 00000012

Symbol: PCA3_Handler
   Definitions
      At line 229 in file ..\Source\Libraries\CMSIS\Device\Source\Startup\start
up_sh30f9xx_sb0_keil.s
   Uses
      At line 97 in file ..\Source\Libraries\CMSIS\Device\Source\Startup\startu
p_sh30f9xx_sb0_keil.s
      At line 197 in file ..\Source\Libraries\CMSIS\Device\Source\Startup\start
up_sh30f9xx_sb0_keil.s

PWM0_Handler 00000012

Symbol: PWM0_Handler
   Definitions
      At line 240 in file ..\Source\Libraries\CMSIS\Device\Source\Startup\start
up_sh30f9xx_sb0_keil.s
   Uses
      At line 108 in file ..\Source\Libraries\CMSIS\Device\Source\Startup\start
up_sh30f9xx_sb0_keil.s
      At line 208 in file ..\Source\Libraries\CMSIS\Device\Source\Startup\start
up_sh30f9xx_sb0_keil.s

PWM1_Handler 00000012

Symbol: PWM1_Handler
   Definitions
      At line 241 in file ..\Source\Libraries\CMSIS\Device\Source\Startup\start
up_sh30f9xx_sb0_keil.s
   Uses
      At line 109 in file ..\Source\Libraries\CMSIS\Device\Source\Startup\start
up_sh30f9xx_sb0_keil.s
      At line 209 in file ..\Source\Libraries\CMSIS\Device\Source\Startup\start
up_sh30f9xx_sb0_keil.s

PWM2_Handler 00000012

Symbol: PWM2_Handler
   Definitions
      At line 242 in file ..\Source\Libraries\CMSIS\Device\Source\Startup\start
up_sh30f9xx_sb0_keil.s
   Uses
      At line 110 in file ..\Source\Libraries\CMSIS\Device\Source\Startup\start
up_sh30f9xx_sb0_keil.s



ARM Macro Assembler    Page 5 Alphabetic symbol ordering
Relocatable symbols

      At line 210 in file ..\Source\Libraries\CMSIS\Device\Source\Startup\start
up_sh30f9xx_sb0_keil.s

PWM3_Handler 00000012

Symbol: PWM3_Handler
   Definitions
      At line 243 in file ..\Source\Libraries\CMSIS\Device\Source\Startup\start
up_sh30f9xx_sb0_keil.s
   Uses
      At line 111 in file ..\Source\Libraries\CMSIS\Device\Source\Startup\start
up_sh30f9xx_sb0_keil.s
      At line 211 in file ..\Source\Libraries\CMSIS\Device\Source\Startup\start
up_sh30f9xx_sb0_keil.s

PendSV_Handler 0000000E

Symbol: PendSV_Handler
   Definitions
      At line 173 in file ..\Source\Libraries\CMSIS\Device\Source\Startup\start
up_sh30f9xx_sb0_keil.s
   Uses
      At line 82 in file ..\Source\Libraries\CMSIS\Device\Source\Startup\startu
p_sh30f9xx_sb0_keil.s
      At line 174 in file ..\Source\Libraries\CMSIS\Device\Source\Startup\start
up_sh30f9xx_sb0_keil.s

RCC_Handler 00000012

Symbol: RCC_Handler
   Definitions
      At line 218 in file ..\Source\Libraries\CMSIS\Device\Source\Startup\start
up_sh30f9xx_sb0_keil.s
   Uses
      At line 86 in file ..\Source\Libraries\CMSIS\Device\Source\Startup\startu
p_sh30f9xx_sb0_keil.s
      At line 186 in file ..\Source\Libraries\CMSIS\Device\Source\Startup\start
up_sh30f9xx_sb0_keil.s

Reset_Handler 00000000

Symbol: Reset_Handler
   Definitions
      At line 122 in file ..\Source\Libraries\CMSIS\Device\Source\Startup\start
up_sh30f9xx_sb0_keil.s
   Uses
      At line 69 in file ..\Source\Libraries\CMSIS\Device\Source\Startup\startu
p_sh30f9xx_sb0_keil.s
      At line 123 in file ..\Source\Libraries\CMSIS\Device\Source\Startup\start
up_sh30f9xx_sb0_keil.s

SPI0_Handler 00000012

Symbol: SPI0_Handler
   Definitions
      At line 232 in file ..\Source\Libraries\CMSIS\Device\Source\Startup\start
up_sh30f9xx_sb0_keil.s
   Uses
      At line 100 in file ..\Source\Libraries\CMSIS\Device\Source\Startup\start



ARM Macro Assembler    Page 6 Alphabetic symbol ordering
Relocatable symbols

up_sh30f9xx_sb0_keil.s
      At line 200 in file ..\Source\Libraries\CMSIS\Device\Source\Startup\start
up_sh30f9xx_sb0_keil.s

SPI1_Handler 00000012

Symbol: SPI1_Handler
   Definitions
      At line 233 in file ..\Source\Libraries\CMSIS\Device\Source\Startup\start
up_sh30f9xx_sb0_keil.s
   Uses
      At line 101 in file ..\Source\Libraries\CMSIS\Device\Source\Startup\start
up_sh30f9xx_sb0_keil.s
      At line 201 in file ..\Source\Libraries\CMSIS\Device\Source\Startup\start
up_sh30f9xx_sb0_keil.s

SVC_Handler 0000000C

Symbol: SVC_Handler
   Definitions
      At line 148 in file ..\Source\Libraries\CMSIS\Device\Source\Startup\start
up_sh30f9xx_sb0_keil.s
   Uses
      At line 79 in file ..\Source\Libraries\CMSIS\Device\Source\Startup\startu
p_sh30f9xx_sb0_keil.s
      At line 149 in file ..\Source\Libraries\CMSIS\Device\Source\Startup\start
up_sh30f9xx_sb0_keil.s

SysTick_Handler 00000010

Symbol: SysTick_Handler
   Definitions
      At line 178 in file ..\Source\Libraries\CMSIS\Device\Source\Startup\start
up_sh30f9xx_sb0_keil.s
   Uses
      At line 83 in file ..\Source\Libraries\CMSIS\Device\Source\Startup\startu
p_sh30f9xx_sb0_keil.s
      At line 179 in file ..\Source\Libraries\CMSIS\Device\Source\Startup\start
up_sh30f9xx_sb0_keil.s

SystemInit 00000014

Symbol: SystemInit
   Definitions
      At line 252 in file ..\Source\Libraries\CMSIS\Device\Source\Startup\start
up_sh30f9xx_sb0_keil.s
   Uses
      At line 125 in file ..\Source\Libraries\CMSIS\Device\Source\Startup\start
up_sh30f9xx_sb0_keil.s
      At line 253 in file ..\Source\Libraries\CMSIS\Device\Source\Startup\start
up_sh30f9xx_sb0_keil.s

TIM0_Handler 00000012

Symbol: TIM0_Handler
   Definitions
      At line 244 in file ..\Source\Libraries\CMSIS\Device\Source\Startup\start
up_sh30f9xx_sb0_keil.s
   Uses



ARM Macro Assembler    Page 7 Alphabetic symbol ordering
Relocatable symbols

      At line 112 in file ..\Source\Libraries\CMSIS\Device\Source\Startup\start
up_sh30f9xx_sb0_keil.s
      At line 212 in file ..\Source\Libraries\CMSIS\Device\Source\Startup\start
up_sh30f9xx_sb0_keil.s

TIM1_FIFO0_Handler 00000012

Symbol: TIM1_FIFO0_Handler
   Definitions
      At line 245 in file ..\Source\Libraries\CMSIS\Device\Source\Startup\start
up_sh30f9xx_sb0_keil.s
   Uses
      At line 113 in file ..\Source\Libraries\CMSIS\Device\Source\Startup\start
up_sh30f9xx_sb0_keil.s
      At line 213 in file ..\Source\Libraries\CMSIS\Device\Source\Startup\start
up_sh30f9xx_sb0_keil.s

TIM2_FIFO1_Handler 00000012

Symbol: TIM2_FIFO1_Handler
   Definitions
      At line 246 in file ..\Source\Libraries\CMSIS\Device\Source\Startup\start
up_sh30f9xx_sb0_keil.s
   Uses
      At line 114 in file ..\Source\Libraries\CMSIS\Device\Source\Startup\start
up_sh30f9xx_sb0_keil.s
      At line 214 in file ..\Source\Libraries\CMSIS\Device\Source\Startup\start
up_sh30f9xx_sb0_keil.s

TIM3_FIFO2_Handler 00000012

Symbol: TIM3_FIFO2_Handler
   Definitions
      At line 247 in file ..\Source\Libraries\CMSIS\Device\Source\Startup\start
up_sh30f9xx_sb0_keil.s
   Uses
      At line 115 in file ..\Source\Libraries\CMSIS\Device\Source\Startup\start
up_sh30f9xx_sb0_keil.s
      At line 215 in file ..\Source\Libraries\CMSIS\Device\Source\Startup\start
up_sh30f9xx_sb0_keil.s

TWI0_Handler 00000012

Symbol: TWI0_Handler
   Definitions
      At line 224 in file ..\Source\Libraries\CMSIS\Device\Source\Startup\start
up_sh30f9xx_sb0_keil.s
   Uses
      At line 92 in file ..\Source\Libraries\CMSIS\Device\Source\Startup\startu
p_sh30f9xx_sb0_keil.s
      At line 192 in file ..\Source\Libraries\CMSIS\Device\Source\Startup\start
up_sh30f9xx_sb0_keil.s

TWI1_Handler 00000012

Symbol: TWI1_Handler
   Definitions
      At line 225 in file ..\Source\Libraries\CMSIS\Device\Source\Startup\start
up_sh30f9xx_sb0_keil.s



ARM Macro Assembler    Page 8 Alphabetic symbol ordering
Relocatable symbols

   Uses
      At line 93 in file ..\Source\Libraries\CMSIS\Device\Source\Startup\startu
p_sh30f9xx_sb0_keil.s
      At line 193 in file ..\Source\Libraries\CMSIS\Device\Source\Startup\start
up_sh30f9xx_sb0_keil.s

UART0_Handler 00000012

Symbol: UART0_Handler
   Definitions
      At line 231 in file ..\Source\Libraries\CMSIS\Device\Source\Startup\start
up_sh30f9xx_sb0_keil.s
   Uses
      At line 99 in file ..\Source\Libraries\CMSIS\Device\Source\Startup\startu
p_sh30f9xx_sb0_keil.s
      At line 199 in file ..\Source\Libraries\CMSIS\Device\Source\Startup\start
up_sh30f9xx_sb0_keil.s

UART1_Handler 00000012

Symbol: UART1_Handler
   Definitions
      At line 234 in file ..\Source\Libraries\CMSIS\Device\Source\Startup\start
up_sh30f9xx_sb0_keil.s
   Uses
      At line 102 in file ..\Source\Libraries\CMSIS\Device\Source\Startup\start
up_sh30f9xx_sb0_keil.s
      At line 202 in file ..\Source\Libraries\CMSIS\Device\Source\Startup\start
up_sh30f9xx_sb0_keil.s

UART2_Handler 00000012

Symbol: UART2_Handler
   Definitions
      At line 235 in file ..\Source\Libraries\CMSIS\Device\Source\Startup\start
up_sh30f9xx_sb0_keil.s
   Uses
      At line 103 in file ..\Source\Libraries\CMSIS\Device\Source\Startup\start
up_sh30f9xx_sb0_keil.s
      At line 203 in file ..\Source\Libraries\CMSIS\Device\Source\Startup\start
up_sh30f9xx_sb0_keil.s

UART3_Handler 00000012

Symbol: UART3_Handler
   Definitions
      At line 236 in file ..\Source\Libraries\CMSIS\Device\Source\Startup\start
up_sh30f9xx_sb0_keil.s
   Uses
      At line 104 in file ..\Source\Libraries\CMSIS\Device\Source\Startup\start
up_sh30f9xx_sb0_keil.s
      At line 204 in file ..\Source\Libraries\CMSIS\Device\Source\Startup\start
up_sh30f9xx_sb0_keil.s

UART4_Handler 00000012

Symbol: UART4_Handler
   Definitions
      At line 238 in file ..\Source\Libraries\CMSIS\Device\Source\Startup\start



ARM Macro Assembler    Page 9 Alphabetic symbol ordering
Relocatable symbols

up_sh30f9xx_sb0_keil.s
   Uses
      At line 106 in file ..\Source\Libraries\CMSIS\Device\Source\Startup\start
up_sh30f9xx_sb0_keil.s
      At line 206 in file ..\Source\Libraries\CMSIS\Device\Source\Startup\start
up_sh30f9xx_sb0_keil.s

UART5_Handler 00000012

Symbol: UART5_Handler
   Definitions
      At line 239 in file ..\Source\Libraries\CMSIS\Device\Source\Startup\start
up_sh30f9xx_sb0_keil.s
   Uses
      At line 107 in file ..\Source\Libraries\CMSIS\Device\Source\Startup\start
up_sh30f9xx_sb0_keil.s
      At line 207 in file ..\Source\Libraries\CMSIS\Device\Source\Startup\start
up_sh30f9xx_sb0_keil.s

WWDT_Handler 00000012

Symbol: WWDT_Handler
   Definitions
      At line 216 in file ..\Source\Libraries\CMSIS\Device\Source\Startup\start
up_sh30f9xx_sb0_keil.s
   Uses
      At line 84 in file ..\Source\Libraries\CMSIS\Device\Source\Startup\startu
p_sh30f9xx_sb0_keil.s
      At line 184 in file ..\Source\Libraries\CMSIS\Device\Source\Startup\start
up_sh30f9xx_sb0_keil.s

41 symbols



ARM Macro Assembler    Page 1 Alphabetic symbol ordering
Absolute symbols

Heap_Size 00000100

Symbol: Heap_Size
   Definitions
      At line 49 in file ..\Source\Libraries\CMSIS\Device\Source\Startup\startu
p_sh30f9xx_sb0_keil.s
   Uses
      At line 57 in file ..\Source\Libraries\CMSIS\Device\Source\Startup\startu
p_sh30f9xx_sb0_keil.s
      At line 263 in file ..\Source\Libraries\CMSIS\Device\Source\Startup\start
up_sh30f9xx_sb0_keil.s

SystemStack_Size 00000400

Symbol: SystemStack_Size
   Definitions
      At line 34 in file ..\Source\Libraries\CMSIS\Device\Source\Startup\startu
p_sh30f9xx_sb0_keil.s
   Uses
      At line 39 in file ..\Source\Libraries\CMSIS\Device\Source\Startup\startu
p_sh30f9xx_sb0_keil.s
Comment: SystemStack_Size used once
USER_MODE_EN 00000000

Symbol: USER_MODE_EN
   Definitions
      At line 27 in file ..\Source\Libraries\CMSIS\Device\Source\Startup\startu
p_sh30f9xx_sb0_keil.s
   Uses
      At line 127 in file ..\Source\Libraries\CMSIS\Device\Source\Startup\start
up_sh30f9xx_sb0_keil.s
      At line 150 in file ..\Source\Libraries\CMSIS\Device\Source\Startup\start
up_sh30f9xx_sb0_keil.s
      At line 166 in file ..\Source\Libraries\CMSIS\Device\Source\Startup\start
up_sh30f9xx_sb0_keil.s

UserStack_Size 00000000

Symbol: UserStack_Size
   Definitions
      At line 35 in file ..\Source\Libraries\CMSIS\Device\Source\Startup\startu
p_sh30f9xx_sb0_keil.s
   Uses
      At line 42 in file ..\Source\Libraries\CMSIS\Device\Source\Startup\startu
p_sh30f9xx_sb0_keil.s
Comment: UserStack_Size used once
__Vectors_Size 000000C0

Symbol: __Vectors_Size
   Definitions
      At line 119 in file ..\Source\Libraries\CMSIS\Device\Source\Startup\start
up_sh30f9xx_sb0_keil.s
   Uses
      At line 66 in file ..\Source\Libraries\CMSIS\Device\Source\Startup\startu
p_sh30f9xx_sb0_keil.s
Comment: __Vectors_Size used once
5 symbols



ARM Macro Assembler    Page 1 Alphabetic symbol ordering
External symbols

__main 00000000

Symbol: __main
   Definitions
      At line 124 in file ..\Source\Libraries\CMSIS\Device\Source\Startup\start
up_sh30f9xx_sb0_keil.s
   Uses
      At line 134 in file ..\Source\Libraries\CMSIS\Device\Source\Startup\start
up_sh30f9xx_sb0_keil.s
Comment: __main used once
1 symbol
396 symbols in table
